<?xml version="1.0" encoding="UTF-8"?>
<testsuite xmlns:xsi="http://www.w3.org/2001/XMLSchema-instance" xsi:noNamespaceSchemaLocation="https://maven.apache.org/surefire/maven-surefire-plugin/xsd/surefire-test-report-3.0.xsd" version="3.0" name="com.mycompany.irr00_group_project.model.core.CompilationResultTest" time="0.025" tests="10" errors="0" skipped="0" failures="0">
  <properties>
[...]
</properties>
  <testcase name="testGetCompiledClassesReturnsSameInstance" classname="com.mycompany.irr00_group_project.model.core.CompilationResultTest" time="0.017"/>
  <testcase name="testEmptyFormattedDiagnostics" classname="com.mycompany.irr00_group_project.model.core.CompilationResultTest" time="0.0"/>
  <testcase name="testMultipleCompiledClasses" classname="com.mycompany.irr00_group_project.model.core.CompilationResultTest" time="0.0"/>
  <testcase name="testEmptyCompiledClasses" classname="com.mycompany.irr00_group_project.model.core.CompilationResultTest" time="0.0"/>
  <testcase name="testNullDiagnosticsList" classname="com.mycompany.irr00_group_project.model.core.CompilationResultTest" time="0.0"/>
  <testcase name="testConstructorInitialization" classname="com.mycompany.irr00_group_project.model.core.CompilationResultTest" time="0.0"/>
  <testcase name="testFailedCompilation" classname="com.mycompany.irr00_group_project.model.core.CompilationResultTest" time="0.0"/>
  <testcase name="testGetFormattedDiagnosticsReturnsSameString" classname="com.mycompany.irr00_group_project.model.core.CompilationResultTest" time="0.0"/>
  <testcase name="testGetDiagnosticsListReturnsSameInstance" classname="com.mycompany.irr00_group_project.model.core.CompilationResultTest" time="0.0"/>
  <testcase name="testNullFormattedDiagnostics" classname="com.mycompany.irr00_group_project.model.core.CompilationResultTest" time="0.0"/>
</testsuite>